2019-01-08 16:33:59 [scrapy.utils.log] INFO: Scrapy 1.5.1 started (bot: bilibili)
2019-01-08 16:33:59 [scrapy.utils.log] INFO: Versions: lxml 4.2.5.0, libxml2 2.9.8, cssselect 1.0.3, parsel 1.5.1, w3lib 1.19.0, Twisted 18.7.0, Python 3.7.0 (default, Jun 28 2018, 08:04:48) [MSC v.1912 64 bit (AMD64)], pyOpenSSL 18.0.0 (OpenSSL 1.0.2o-fips  27 Mar 2018), cryptography 2.3.1, Platform Windows-10-10.0.17134-SP0
2019-01-08 16:37:01 [scrapy.utils.log] INFO: Scrapy 1.5.1 started (bot: bilibili)
2019-01-08 16:37:01 [scrapy.utils.log] INFO: Versions: lxml 4.2.5.0, libxml2 2.9.8, cssselect 1.0.3, parsel 1.5.1, w3lib 1.19.0, Twisted 18.7.0, Python 3.7.0 (default, Jun 28 2018, 08:04:48) [MSC v.1912 64 bit (AMD64)], pyOpenSSL 18.0.0 (OpenSSL 1.0.2o-fips  27 Mar 2018), cryptography 2.3.1, Platform Windows-10-10.0.17134-SP0
2019-01-08 16:37:01 [scrapy.crawler] INFO: Overridden settings: {'BOT_NAME': 'bilibili', 'CONCURRENT_REQUESTS': 2, 'DOWNLOAD_DELAY': 0.1, 'LOG_FILE': './log.log', 'LOG_LEVEL': 'INFO', 'NEWSPIDER_MODULE': 'bilibili.spiders', 'REDIRECT_ENABLED': False, 'RETRY_HTTP_CODES': [500, 503, 504, 400, 401, 403, 404, 408, 302], 'SPIDER_MODULES': ['bilibili.spiders']}
2019-01-08 16:37:02 [scrapy.middleware] INFO: Enabled extensions:
['scrapy.extensions.corestats.CoreStats',
 'scrapy.extensions.telnet.TelnetConsole',
 'scrapy.extensions.logstats.LogStats']
2019-01-08 16:37:02 [scrapy.middleware] INFO: Enabled downloader middlewares:
['scrapy.downloadermiddlewares.httpauth.HttpAuthMiddleware',
 'scrapy.downloadermiddlewares.downloadtimeout.DownloadTimeoutMiddleware',
 'scrapy.downloadermiddlewares.defaultheaders.DefaultHeadersMiddleware',
 'scrapy.downloadermiddlewares.useragent.UserAgentMiddleware',
 'scrapy.downloadermiddlewares.retry.RetryMiddleware',
 'scrapy.downloadermiddlewares.redirect.MetaRefreshMiddleware',
 'scrapy.downloadermiddlewares.httpcompression.HttpCompressionMiddleware',
 'scrapy.downloadermiddlewares.cookies.CookiesMiddleware',
 'scrapy.downloadermiddlewares.httpproxy.HttpProxyMiddleware',
 'scrapy.downloadermiddlewares.stats.DownloaderStats']
2019-01-08 16:37:02 [scrapy.middleware] INFO: Enabled spider middlewares:
['scrapy.spidermiddlewares.httperror.HttpErrorMiddleware',
 'scrapy.spidermiddlewares.offsite.OffsiteMiddleware',
 'scrapy.spidermiddlewares.referer.RefererMiddleware',
 'scrapy.spidermiddlewares.urllength.UrlLengthMiddleware',
 'scrapy.spidermiddlewares.depth.DepthMiddleware']
2019-01-08 16:37:02 [scrapy.middleware] INFO: Enabled item pipelines:
[]
2019-01-08 16:37:02 [scrapy.core.engine] INFO: Spider opened
2019-01-08 16:37:03 [scrapy.extensions.logstats] INFO: Crawled 0 pages (at 0 pages/min), scraped 0 items (at 0 items/min)
2019-01-08 16:37:03 [scrapy.core.engine] INFO: Closing spider (finished)
2019-01-08 16:37:03 [scrapy.statscollectors] INFO: Dumping Scrapy stats:
{'downloader/request_bytes': 230,
 'downloader/request_count': 1,
 'downloader/request_method_count/GET': 1,
 'downloader/response_bytes': 25151,
 'downloader/response_count': 1,
 'downloader/response_status_count/200': 1,
 'dupefilter/filtered': 1,
 'finish_reason': 'finished',
 'finish_time': datetime.datetime(2019, 1, 8, 8, 37, 3, 699368),
 'log_count/INFO': 7,
 'response_received_count': 1,
 'scheduler/dequeued': 1,
 'scheduler/dequeued/memory': 1,
 'scheduler/enqueued': 1,
 'scheduler/enqueued/memory': 1,
 'start_time': datetime.datetime(2019, 1, 8, 8, 37, 3, 4231)}
2019-01-08 16:37:03 [scrapy.core.engine] INFO: Spider closed (finished)
2019-01-08 16:37:37 [scrapy.utils.log] INFO: Scrapy 1.5.1 started (bot: bilibili)
2019-01-08 16:37:37 [scrapy.utils.log] INFO: Versions: lxml 4.2.5.0, libxml2 2.9.8, cssselect 1.0.3, parsel 1.5.1, w3lib 1.19.0, Twisted 18.7.0, Python 3.7.0 (default, Jun 28 2018, 08:04:48) [MSC v.1912 64 bit (AMD64)], pyOpenSSL 18.0.0 (OpenSSL 1.0.2o-fips  27 Mar 2018), cryptography 2.3.1, Platform Windows-10-10.0.17134-SP0
2019-01-08 16:37:37 [scrapy.crawler] INFO: Overridden settings: {'BOT_NAME': 'bilibili', 'CONCURRENT_REQUESTS': 2, 'DOWNLOAD_DELAY': 0.1, 'LOG_FILE': './log.log', 'LOG_LEVEL': 'INFO', 'NEWSPIDER_MODULE': 'bilibili.spiders', 'REDIRECT_ENABLED': False, 'RETRY_HTTP_CODES': [500, 503, 504, 400, 401, 403, 404, 408, 302], 'SPIDER_MODULES': ['bilibili.spiders']}
2019-01-08 16:37:38 [scrapy.middleware] INFO: Enabled extensions:
['scrapy.extensions.corestats.CoreStats',
 'scrapy.extensions.telnet.TelnetConsole',
 'scrapy.extensions.logstats.LogStats']
2019-01-08 16:37:38 [scrapy.middleware] INFO: Enabled downloader middlewares:
['scrapy.downloadermiddlewares.httpauth.HttpAuthMiddleware',
 'scrapy.downloadermiddlewares.downloadtimeout.DownloadTimeoutMiddleware',
 'scrapy.downloadermiddlewares.defaultheaders.DefaultHeadersMiddleware',
 'scrapy.downloadermiddlewares.useragent.UserAgentMiddleware',
 'scrapy.downloadermiddlewares.retry.RetryMiddleware',
 'scrapy.downloadermiddlewares.redirect.MetaRefreshMiddleware',
 'scrapy.downloadermiddlewares.httpcompression.HttpCompressionMiddleware',
 'scrapy.downloadermiddlewares.cookies.CookiesMiddleware',
 'scrapy.downloadermiddlewares.httpproxy.HttpProxyMiddleware',
 'scrapy.downloadermiddlewares.stats.DownloaderStats']
2019-01-08 16:37:38 [scrapy.middleware] INFO: Enabled spider middlewares:
['scrapy.spidermiddlewares.httperror.HttpErrorMiddleware',
 'scrapy.spidermiddlewares.offsite.OffsiteMiddleware',
 'scrapy.spidermiddlewares.referer.RefererMiddleware',
 'scrapy.spidermiddlewares.urllength.UrlLengthMiddleware',
 'scrapy.spidermiddlewares.depth.DepthMiddleware']
2019-01-08 16:37:38 [scrapy.middleware] INFO: Enabled item pipelines:
[]
2019-01-08 16:37:38 [scrapy.core.engine] INFO: Spider opened
2019-01-08 16:37:38 [scrapy.extensions.logstats] INFO: Crawled 0 pages (at 0 pages/min), scraped 0 items (at 0 items/min)
2019-01-08 16:37:39 [scrapy.core.engine] INFO: Closing spider (finished)
2019-01-08 16:37:39 [scrapy.statscollectors] INFO: Dumping Scrapy stats:
{'downloader/request_bytes': 472,
 'downloader/request_count': 2,
 'downloader/request_method_count/GET': 2,
 'downloader/response_bytes': 50919,
 'downloader/response_count': 2,
 'downloader/response_status_count/200': 2,
 'finish_reason': 'finished',
 'finish_time': datetime.datetime(2019, 1, 8, 8, 37, 39, 578082),
 'log_count/INFO': 7,
 'response_received_count': 2,
 'scheduler/dequeued': 2,
 'scheduler/dequeued/memory': 2,
 'scheduler/enqueued': 2,
 'scheduler/enqueued/memory': 2,
 'start_time': datetime.datetime(2019, 1, 8, 8, 37, 38, 279063)}
2019-01-08 16:37:39 [scrapy.core.engine] INFO: Spider closed (finished)
2019-01-08 16:38:00 [scrapy.utils.log] INFO: Scrapy 1.5.1 started (bot: bilibili)
2019-01-08 16:38:00 [scrapy.utils.log] INFO: Versions: lxml 4.2.5.0, libxml2 2.9.8, cssselect 1.0.3, parsel 1.5.1, w3lib 1.19.0, Twisted 18.7.0, Python 3.7.0 (default, Jun 28 2018, 08:04:48) [MSC v.1912 64 bit (AMD64)], pyOpenSSL 18.0.0 (OpenSSL 1.0.2o-fips  27 Mar 2018), cryptography 2.3.1, Platform Windows-10-10.0.17134-SP0
2019-01-08 16:38:00 [scrapy.crawler] INFO: Overridden settings: {'BOT_NAME': 'bilibili', 'CONCURRENT_REQUESTS': 2, 'DOWNLOAD_DELAY': 0.1, 'LOG_FILE': './log.log', 'LOG_LEVEL': 'INFO', 'NEWSPIDER_MODULE': 'bilibili.spiders', 'REDIRECT_ENABLED': False, 'RETRY_HTTP_CODES': [500, 503, 504, 400, 401, 403, 404, 408, 302], 'SPIDER_MODULES': ['bilibili.spiders']}
2019-01-08 16:38:00 [scrapy.middleware] INFO: Enabled extensions:
['scrapy.extensions.corestats.CoreStats',
 'scrapy.extensions.telnet.TelnetConsole',
 'scrapy.extensions.logstats.LogStats']
2019-01-08 16:38:01 [scrapy.middleware] INFO: Enabled downloader middlewares:
['scrapy.downloadermiddlewares.httpauth.HttpAuthMiddleware',
 'scrapy.downloadermiddlewares.downloadtimeout.DownloadTimeoutMiddleware',
 'scrapy.downloadermiddlewares.defaultheaders.DefaultHeadersMiddleware',
 'scrapy.downloadermiddlewares.useragent.UserAgentMiddleware',
 'scrapy.downloadermiddlewares.retry.RetryMiddleware',
 'scrapy.downloadermiddlewares.redirect.MetaRefreshMiddleware',
 'scrapy.downloadermiddlewares.httpcompression.HttpCompressionMiddleware',
 'scrapy.downloadermiddlewares.cookies.CookiesMiddleware',
 'scrapy.downloadermiddlewares.httpproxy.HttpProxyMiddleware',
 'scrapy.downloadermiddlewares.stats.DownloaderStats']
2019-01-08 16:38:01 [scrapy.middleware] INFO: Enabled spider middlewares:
['scrapy.spidermiddlewares.httperror.HttpErrorMiddleware',
 'scrapy.spidermiddlewares.offsite.OffsiteMiddleware',
 'scrapy.spidermiddlewares.referer.RefererMiddleware',
 'scrapy.spidermiddlewares.urllength.UrlLengthMiddleware',
 'scrapy.spidermiddlewares.depth.DepthMiddleware']
2019-01-08 16:38:01 [scrapy.middleware] INFO: Enabled item pipelines:
[]
2019-01-08 16:38:01 [scrapy.core.engine] INFO: Spider opened
2019-01-08 16:38:01 [scrapy.extensions.logstats] INFO: Crawled 0 pages (at 0 pages/min), scraped 0 items (at 0 items/min)
2019-01-08 16:38:01 [scrapy.core.engine] INFO: Closing spider (finished)
2019-01-08 16:38:01 [scrapy.statscollectors] INFO: Dumping Scrapy stats:
{'downloader/request_bytes': 230,
 'downloader/request_count': 1,
 'downloader/request_method_count/GET': 1,
 'downloader/response_bytes': 25151,
 'downloader/response_count': 1,
 'downloader/response_status_count/200': 1,
 'dupefilter/filtered': 1,
 'finish_reason': 'finished',
 'finish_time': datetime.datetime(2019, 1, 8, 8, 38, 1, 582838),
 'log_count/INFO': 7,
 'response_received_count': 1,
 'scheduler/dequeued': 1,
 'scheduler/dequeued/memory': 1,
 'scheduler/enqueued': 1,
 'scheduler/enqueued/memory': 1,
 'start_time': datetime.datetime(2019, 1, 8, 8, 38, 1, 87900)}
2019-01-08 16:38:01 [scrapy.core.engine] INFO: Spider closed (finished)
2019-01-08 16:39:54 [scrapy.utils.log] INFO: Scrapy 1.5.1 started (bot: bilibili)
2019-01-08 16:39:54 [scrapy.utils.log] INFO: Versions: lxml 4.2.5.0, libxml2 2.9.8, cssselect 1.0.3, parsel 1.5.1, w3lib 1.19.0, Twisted 18.7.0, Python 3.7.0 (default, Jun 28 2018, 08:04:48) [MSC v.1912 64 bit (AMD64)], pyOpenSSL 18.0.0 (OpenSSL 1.0.2o-fips  27 Mar 2018), cryptography 2.3.1, Platform Windows-10-10.0.17134-SP0
2019-01-08 16:39:54 [scrapy.crawler] INFO: Overridden settings: {'BOT_NAME': 'bilibili', 'CONCURRENT_REQUESTS': 2, 'DOWNLOAD_DELAY': 0.1, 'LOG_FILE': './log.log', 'LOG_LEVEL': 'INFO', 'NEWSPIDER_MODULE': 'bilibili.spiders', 'REDIRECT_ENABLED': False, 'RETRY_HTTP_CODES': [500, 503, 504, 400, 401, 403, 404, 408, 302], 'SPIDER_MODULES': ['bilibili.spiders']}
2019-01-08 16:39:54 [scrapy.middleware] INFO: Enabled extensions:
['scrapy.extensions.corestats.CoreStats',
 'scrapy.extensions.telnet.TelnetConsole',
 'scrapy.extensions.logstats.LogStats']
2019-01-08 16:39:54 [scrapy.middleware] INFO: Enabled downloader middlewares:
['scrapy.downloadermiddlewares.httpauth.HttpAuthMiddleware',
 'scrapy.downloadermiddlewares.downloadtimeout.DownloadTimeoutMiddleware',
 'scrapy.downloadermiddlewares.defaultheaders.DefaultHeadersMiddleware',
 'scrapy.downloadermiddlewares.useragent.UserAgentMiddleware',
 'scrapy.downloadermiddlewares.retry.RetryMiddleware',
 'scrapy.downloadermiddlewares.redirect.MetaRefreshMiddleware',
 'scrapy.downloadermiddlewares.httpcompression.HttpCompressionMiddleware',
 'scrapy.downloadermiddlewares.cookies.CookiesMiddleware',
 'scrapy.downloadermiddlewares.httpproxy.HttpProxyMiddleware',
 'scrapy.downloadermiddlewares.stats.DownloaderStats']
2019-01-08 16:39:54 [scrapy.middleware] INFO: Enabled spider middlewares:
['scrapy.spidermiddlewares.httperror.HttpErrorMiddleware',
 'scrapy.spidermiddlewares.offsite.OffsiteMiddleware',
 'scrapy.spidermiddlewares.referer.RefererMiddleware',
 'scrapy.spidermiddlewares.urllength.UrlLengthMiddleware',
 'scrapy.spidermiddlewares.depth.DepthMiddleware']
2019-01-08 16:39:54 [scrapy.middleware] INFO: Enabled item pipelines:
[]
2019-01-08 16:39:54 [scrapy.core.engine] INFO: Spider opened
2019-01-08 16:39:54 [scrapy.extensions.logstats] INFO: Crawled 0 pages (at 0 pages/min), scraped 0 items (at 0 items/min)
2019-01-08 16:39:55 [scrapy.core.engine] INFO: Closing spider (finished)
2019-01-08 16:39:55 [scrapy.statscollectors] INFO: Dumping Scrapy stats:
{'downloader/request_bytes': 230,
 'downloader/request_count': 1,
 'downloader/request_method_count/GET': 1,
 'downloader/response_bytes': 25151,
 'downloader/response_count': 1,
 'downloader/response_status_count/200': 1,
 'dupefilter/filtered': 1,
 'finish_reason': 'finished',
 'finish_time': datetime.datetime(2019, 1, 8, 8, 39, 55, 156611),
 'log_count/INFO': 7,
 'response_received_count': 1,
 'scheduler/dequeued': 1,
 'scheduler/dequeued/memory': 1,
 'scheduler/enqueued': 1,
 'scheduler/enqueued/memory': 1,
 'start_time': datetime.datetime(2019, 1, 8, 8, 39, 54, 662084)}
2019-01-08 16:39:55 [scrapy.core.engine] INFO: Spider closed (finished)
